<?xml version="1.0" encoding="UTF-8"?>
<!-- Generated by org.testng.reporters.JUnitXMLReporter -->
<testsuite ignored="9" hostname="Ashish" failures="0" tests="2" name="Default test" time="1.581" errors="0" timestamp="2021-10-12T21:51:19 IST">
  <testcase classname="com.orangehrm.framework.webdriver.WebDriverClass" name="@BeforeMethod SetupBrowser" time="-1.634055679708E9">
    <failure type="org.testng.TestNGException" message="
Parameter &amp;apos;browser&amp;apos; is required by BeforeMethod on method SetupBrowser but has not been marked @Optional or defined
in C:\Users\ASHISH\AppData\Local\Temp\testng-eclipse--1260929802\testng-customsuite.xml">
      <![CDATA[org.testng.TestNGException: 
Parameter 'browser' is required by BeforeMethod on method SetupBrowser but has not been marked @Optional or defined
in C:\Users\ASHISH\AppData\Local\Temp\testng-eclipse--1260929802\testng-customsuite.xml
at org.testng.internal.Parameters.createParams(Parameters.java:270)
at org.testng.internal.Parameters.createParametersForMethod(Parameters.java:358)
at org.testng.internal.Parameters.createParameters(Parameters.java:700)
at org.testng.internal.Parameters.createConfigurationParameters(Parameters.java:168)
at org.testng.internal.ConfigInvoker.invokeConfigurations(ConfigInvoker.java:302)
at org.testng.internal.TestInvoker.runConfigMethods(TestInvoker.java:700)
at org.testng.internal.TestInvoker.invokeMethod(TestInvoker.java:527)
at org.testng.internal.TestInvoker.invokeTestMethod(TestInvoker.java:173)
at org.testng.internal.MethodRunner.runInSequence(MethodRunner.java:46)
at org.testng.internal.TestInvoker$MethodInvocationAgent.invoke(TestInvoker.java:824)
at org.testng.internal.TestInvoker.invokeTestMethods(TestInvoker.java:146)
at org.testng.internal.TestMethodWorker.invokeTestMethods(TestMethodWorker.java:146)
at org.testng.internal.TestMethodWorker.run(TestMethodWorker.java:128)
at java.base/java.util.ArrayList.forEach(ArrayList.java:1511)
at org.testng.TestRunner.privateRun(TestRunner.java:794)
at org.testng.TestRunner.run(TestRunner.java:596)
at org.testng.SuiteRunner.runTest(SuiteRunner.java:377)
at org.testng.SuiteRunner.runSequentially(SuiteRunner.java:371)
at org.testng.SuiteRunner.privateRun(SuiteRunner.java:332)
at org.testng.SuiteRunner.run(SuiteRunner.java:276)
at org.testng.SuiteRunnerWorker.runSuite(SuiteRunnerWorker.java:53)
at org.testng.SuiteRunnerWorker.run(SuiteRunnerWorker.java:96)
at org.testng.TestNG.runSuitesSequentially(TestNG.java:1212)
at org.testng.TestNG.runSuitesLocally(TestNG.java:1134)
at org.testng.TestNG.runSuites(TestNG.java:1063)
at org.testng.TestNG.run(TestNG.java:1031)
at org.testng.remote.AbstractRemoteTestNG.run(AbstractRemoteTestNG.java:115)
at org.testng.remote.RemoteTestNG.initAndRun(RemoteTestNG.java:251)
at org.testng.remote.RemoteTestNG.main(RemoteTestNG.java:77)
]]>
    </failure>
  </testcase> <!-- @BeforeMethod SetupBrowser -->
  <testcase classname="com.orangehrm.framework.webdriver.WebDriverClass" name="@AfterMethod afterMethod" time="-1.634055679738E9">
    <skipped/>
  </testcase> <!-- @AfterMethod afterMethod -->
  <testcase classname="com.orangehrm.framework.webdriver.WebDriverClass" name="@BeforeMethod SetupBrowser" time="-1.634055679742E9">
    <skipped/>
  </testcase> <!-- @BeforeMethod SetupBrowser -->
  <testcase classname="com.orangehrm.framework.webdriver.WebDriverClass" name="@AfterMethod afterMethod" time="-1.634055679808E9">
    <skipped/>
  </testcase> <!-- @AfterMethod afterMethod -->
  <testcase classname="com.orangehrm.tests.OranageHRMTest" name="VerfiyLeaveAssignPage" time="0.0">
    <skipped/>
  </testcase> <!-- VerfiyLeaveAssignPage -->
  <testcase classname="com.orangehrm.tests.OranageHRMTest" name="VerfiyLeaveAssignPage" time="0.0">
    <skipped/>
  </testcase> <!-- VerfiyLeaveAssignPage -->
  <testcase classname="com.orangehrm.tests.OranageHRMTest" name="VerfiyAdminPage" time="0.0">
    <ignored/>
  </testcase> <!-- VerfiyAdminPage -->
  <testcase classname="com.orangehrm.tests.OranageHRMTest" name="VerfiyForgotPasswordPage" time="0.0">
    <ignored/>
  </testcase> <!-- VerfiyForgotPasswordPage -->
  <testcase classname="com.orangehrm.tests.OranageHRMTest" name="VerfiyAdminConfigPage" time="0.0">
    <ignored/>
  </testcase> <!-- VerfiyAdminConfigPage -->
  <testcase classname="com.orangehrm.tests.OranageHRMTest" name="VerifyApplicationLogin" time="0.0">
    <ignored/>
  </testcase> <!-- VerifyApplicationLogin -->
  <testcase classname="com.orangehrm.tests.OranageHRMTest" name="VerfiyAdminJobPage" time="0.0">
    <ignored/>
  </testcase> <!-- VerfiyAdminJobPage -->
  <testcase classname="com.orangehrm.tests.OranageHRMTest" name="VerfiyAdminOrgPage" time="0.0">
    <ignored/>
  </testcase> <!-- VerfiyAdminOrgPage -->
  <testcase classname="com.orangehrm.tests.OranageHRMTest" name="VerfiyAdminConfigSMAPage" time="0.0">
    <ignored/>
  </testcase> <!-- VerfiyAdminConfigSMAPage -->
  <testcase classname="com.orangehrm.tests.OranageHRMTest" name="VerifyApplicationTitle" time="0.0">
    <ignored/>
  </testcase> <!-- VerifyApplicationTitle -->
  <testcase classname="com.orangehrm.tests.OranageHRMTest" name="VerifyApplicationLogout" time="0.0">
    <ignored/>
  </testcase> <!-- VerifyApplicationLogout -->
</testsuite> <!-- Default test -->
