<?xml version="1.0" encoding="UTF-8"?>
<testng-results ignored="9" total="11" passed="1" failed="1" skipped="0">
  <reporter-output>
  </reporter-output>
  <suite started-at="2021-10-12T22:13:14 IST" name="Suite" finished-at="2021-10-12T22:14:15 IST" duration-ms="60886">
    <groups>
    </groups>
    <test started-at="2021-10-12T22:13:14 IST" name="Test" finished-at="2021-10-12T22:14:15 IST" duration-ms="60886">
      <class name="com.orangehrm.tests.OranageHRMTest">
        <test-method is-config="true" signature="setupReport()[pri:0, instance:com.orangehrm.tests.OranageHRMTest@659499f1]" started-at="2021-10-12T22:13:14 IST" name="setupReport" finished-at="2021-10-12T22:13:14 IST" duration-ms="265" status="PASS">
          <reporter-output>
          </reporter-output>
        </test-method> <!-- setupReport -->
        <test-method is-config="true" signature="SetupBrowser(java.lang.String)[pri:0, instance:com.orangehrm.tests.OranageHRMTest@659499f1]" started-at="2021-10-12T22:13:15 IST" name="SetupBrowser" finished-at="2021-10-12T22:13:21 IST" duration-ms="6730" status="PASS">
          <params>
            <param index="0">
              <value>
                <![CDATA[chrome]]>
              </value>
            </param>
          </params>
          <reporter-output>
          </reporter-output>
        </test-method> <!-- SetupBrowser -->
        <test-method signature="VerfiyLeaveAssignPage(java.lang.String,java.lang.String)[pri:10, instance:com.orangehrm.tests.OranageHRMTest@659499f1]" started-at="2021-10-12T22:13:21 IST" name="VerfiyLeaveAssignPage" data-provider="data" finished-at="2021-10-12T22:13:40 IST" duration-ms="18272" status="PASS">
          <params>
            <param index="0">
              <value>
                <![CDATA[Admin]]>
              </value>
            </param>
            <param index="1">
              <value>
                <![CDATA[admin123]]>
              </value>
            </param>
          </params>
          <reporter-output>
          </reporter-output>
        </test-method> <!-- VerfiyLeaveAssignPage -->
        <test-method is-config="true" signature="afterMethod()[pri:0, instance:com.orangehrm.tests.OranageHRMTest@659499f1]" started-at="2021-10-12T22:13:40 IST" name="afterMethod" finished-at="2021-10-12T22:13:40 IST" duration-ms="667" status="PASS">
          <reporter-output>
          </reporter-output>
        </test-method> <!-- afterMethod -->
        <test-method is-config="true" signature="SetupBrowser(java.lang.String)[pri:0, instance:com.orangehrm.tests.OranageHRMTest@659499f1]" started-at="2021-10-12T22:13:40 IST" name="SetupBrowser" finished-at="2021-10-12T22:13:45 IST" duration-ms="5009" status="PASS">
          <params>
            <param index="0">
              <value>
                <![CDATA[chrome]]>
              </value>
            </param>
          </params>
          <reporter-output>
          </reporter-output>
        </test-method> <!-- SetupBrowser -->
        <test-method signature="VerfiyLeaveAssignPage(java.lang.String,java.lang.String)[pri:10, instance:com.orangehrm.tests.OranageHRMTest@659499f1]" started-at="2021-10-12T22:13:45 IST" name="VerfiyLeaveAssignPage" data-provider="data" finished-at="2021-10-12T22:14:14 IST" duration-ms="28452" status="FAIL">
          <params>
            <param index="0">
              <value>
                <![CDATA[Ashish]]>
              </value>
            </param>
            <param index="1">
              <value>
                <![CDATA[12345]]>
              </value>
            </param>
          </params>
          <exception class="java.lang.AssertionError">
            <message>
              <![CDATA[Application Login is Not Successful]]>
            </message>
            <full-stacktrace>
              <![CDATA[java.lang.AssertionError: Application Login is Not Successful
at org.testng.Assert.fail(Assert.java:99)
at com.orangehrm.pages.HomePage.verifyWhetherAppLoginIsSuccessful(HomePage.java:36)
at com.orangehrm.tests.OranageHRMTest.VerfiyLeaveAssignPage(OranageHRMTest.java:126)
at java.base/jdk.internal.reflect.NativeMethodAccessorImpl.invoke0(Native Method)
at java.base/jdk.internal.reflect.NativeMethodAccessorImpl.invoke(NativeMethodAccessorImpl.java:78)
at java.base/jdk.internal.reflect.DelegatingMethodAccessorImpl.invoke(DelegatingMethodAccessorImpl.java:43)
at java.base/java.lang.reflect.Method.invoke(Method.java:567)
at org.testng.internal.MethodInvocationHelper.invokeMethod(MethodInvocationHelper.java:133)
at org.testng.internal.TestInvoker.invokeMethod(TestInvoker.java:598)
at org.testng.internal.TestInvoker.invokeTestMethod(TestInvoker.java:173)
at org.testng.internal.MethodRunner.runInSequence(MethodRunner.java:46)
at org.testng.internal.TestInvoker$MethodInvocationAgent.invoke(TestInvoker.java:824)
at org.testng.internal.TestInvoker.invokeTestMethods(TestInvoker.java:146)
at org.testng.internal.TestMethodWorker.invokeTestMethods(TestMethodWorker.java:146)
at org.testng.internal.TestMethodWorker.run(TestMethodWorker.java:128)
at java.base/java.util.ArrayList.forEach(ArrayList.java:1511)
at org.testng.TestRunner.privateRun(TestRunner.java:794)
at org.testng.TestRunner.run(TestRunner.java:596)
at org.testng.SuiteRunner.runTest(SuiteRunner.java:377)
at org.testng.SuiteRunner.runSequentially(SuiteRunner.java:371)
at org.testng.SuiteRunner.privateRun(SuiteRunner.java:332)
at org.testng.SuiteRunner.run(SuiteRunner.java:276)
at org.testng.SuiteRunnerWorker.runSuite(SuiteRunnerWorker.java:53)
at org.testng.SuiteRunnerWorker.run(SuiteRunnerWorker.java:96)
at org.testng.TestNG.runSuitesSequentially(TestNG.java:1212)
at org.testng.TestNG.runSuitesLocally(TestNG.java:1134)
at org.testng.TestNG.runSuites(TestNG.java:1063)
at org.testng.TestNG.run(TestNG.java:1031)
at org.testng.remote.AbstractRemoteTestNG.run(AbstractRemoteTestNG.java:115)
at org.testng.remote.RemoteTestNG.initAndRun(RemoteTestNG.java:251)
at org.testng.remote.RemoteTestNG.main(RemoteTestNG.java:77)
]]>
            </full-stacktrace>
          </exception> <!-- java.lang.AssertionError -->
          <reporter-output>
          </reporter-output>
        </test-method> <!-- VerfiyLeaveAssignPage -->
        <test-method is-config="true" signature="afterMethod()[pri:0, instance:com.orangehrm.tests.OranageHRMTest@659499f1]" started-at="2021-10-12T22:14:14 IST" name="afterMethod" finished-at="2021-10-12T22:14:15 IST" duration-ms="862" status="PASS">
          <reporter-output>
          </reporter-output>
        </test-method> <!-- afterMethod -->
      </class> <!-- com.orangehrm.tests.OranageHRMTest -->
    </test> <!-- Test -->
  </suite> <!-- Suite -->
</testng-results>
